<?xml version="1.0" encoding="UTF-8"?>
<testsuite xmlns:xsi="http://www.w3.org/2001/XMLSchema-instance" xsi:noNamespaceSchemaLocation="https://maven.apache.org/surefire/maven-surefire-plugin/xsd/surefire-test-report.xsd" name="com.app.dao.ProjectEmployeeDetailsDaoTest" time="0.03" tests="2" errors="0" skipped="0" failures="2">
  <properties>
[...]
</properties>
  <testcase name="testFindByProjectId" classname="com.app.dao.ProjectEmployeeDetailsDaoTest" time="0.015">
    <failure message="expected: &lt;2&gt; but was: &lt;1&gt;" type="org.opentest4j.AssertionFailedError"><![CDATA[org.opentest4j.AssertionFailedError: expected: <2> but was: <1>
	at com.app.dao.ProjectEmployeeDetailsDaoTest.testFindByProjectId(ProjectEmployeeDetailsDaoTest.java:28)
]]></failure>
    <system-out><![CDATA[2024-02-02 14:54:27.653  INFO 15216 --- [           main] b.t.a.o.j.DataJpaTestContextBootstrapper : Neither @ContextConfiguration nor @ContextHierarchy found for test class [com.app.dao.ProjectEmployeeDetailsDaoTest], using SpringBootContextLoader
2024-02-02 14:54:27.654  INFO 15216 --- [           main] o.s.t.c.support.AbstractContextLoader    : Could not detect default resource locations for test class [com.app.dao.ProjectEmployeeDetailsDaoTest]: no resource found for suffixes {-context.xml, Context.groovy}.
2024-02-02 14:54:27.654  INFO 15216 --- [           main] t.c.s.AnnotationConfigContextLoaderUtils : Could not detect default configuration classes for test class [com.app.dao.ProjectEmployeeDetailsDaoTest]: ProjectEmployeeDetailsDaoTest does not declare any static, non-private, non-final, nested classes annotated with @Configuration.
2024-02-02 14:54:27.661  INFO 15216 --- [           main] .b.t.c.SpringBootTestContextBootstrapper : Found @SpringBootConfiguration com.app.Application for test class com.app.dao.ProjectEmployeeDetailsDaoTest
2024-02-02 14:54:27.661  INFO 15216 --- [           main] b.t.a.o.j.DataJpaTestContextBootstrapper : Loaded default TestExecutionListener class names from location [META-INF/spring.factories]: [org.springframework.boot.test.mock.mockito.MockitoTestExecutionListener, org.springframework.boot.test.mock.mockito.ResetMocksTestExecutionListener, org.springframework.boot.test.autoconfigure.restdocs.RestDocsTestExecutionListener, org.springframework.boot.test.autoconfigure.web.client.MockRestServiceServerResetTestExecutionListener, org.springframework.boot.test.autoconfigure.web.servlet.MockMvcPrintOnlyOnFailureTestExecutionListener, org.springframework.boot.test.autoconfigure.web.servlet.WebDriverTestExecutionListener, org.springframework.boot.test.autoconfigure.webservices.client.MockWebServiceServerTestExecutionListener, org.springframework.test.context.web.ServletTestExecutionListener, org.springframework.test.context.support.DirtiesContextBeforeModesTestExecutionListener, org.springframework.test.context.event.ApplicationEventsTestExecutionListener, org.springframework.test.context.support.DependencyInjectionTestExecutionListener, org.springframework.test.context.support.DirtiesContextTestExecutionListener, org.springframework.test.context.transaction.TransactionalTestExecutionListener, org.springframework.test.context.jdbc.SqlScriptsTestExecutionListener, org.springframework.test.context.event.EventPublishingTestExecutionListener]
2024-02-02 14:54:27.662  INFO 15216 --- [           main] b.t.a.o.j.DataJpaTestContextBootstrapper : Using TestExecutionListeners: [org.springframework.test.context.web.ServletTestExecutionListener@67d6bb59, org.springframework.test.context.support.DirtiesContextBeforeModesTestExecutionListener@1a632663, org.springframework.test.context.event.ApplicationEventsTestExecutionListener@1147ab09, org.springframework.boot.test.mock.mockito.MockitoTestExecutionListener@503b5337, org.springframework.boot.test.autoconfigure.SpringBootDependencyInjectionTestExecutionListener@265361a, org.springframework.test.context.support.DirtiesContextTestExecutionListener@136480b, org.springframework.test.context.transaction.TransactionalTestExecutionListener@2d85a4c7, org.springframework.test.context.jdbc.SqlScriptsTestExecutionListener@272de8ab, org.springframework.test.context.event.EventPublishingTestExecutionListener@c53dfb2, org.springframework.boot.test.mock.mockito.ResetMocksTestExecutionListener@3f16a823, org.springframework.boot.test.autoconfigure.restdocs.RestDocsTestExecutionListener@3fb5809a, org.springframework.boot.test.autoconfigure.web.client.MockRestServiceServerResetTestExecutionListener@77954f77, org.springframework.boot.test.autoconfigure.web.servlet.MockMvcPrintOnlyOnFailureTestExecutionListener@6529b078, org.springframework.boot.test.autoconfigure.web.servlet.WebDriverTestExecutionListener@6f744b4e, org.springframework.boot.test.autoconfigure.webservices.client.MockWebServiceServerTestExecutionListener@7cd6b76a]
2024-02-02 14:54:27.668  INFO 15216 --- [           main] o.s.t.c.transaction.TransactionContext   : Began transaction (1) for test context [DefaultTestContext@9677f54 testClass = ProjectEmployeeDetailsDaoTest, testInstance = com.app.dao.ProjectEmployeeDetailsDaoTest@44046b0d, testMethod = testFindByProjectId@ProjectEmployeeDetailsDaoTest, testException = [null], mergedContextConfiguration = [MergedContextConfiguration@d20e900 testClass = ProjectEmployeeDetailsDaoTest, locations = '{}', classes = '{class com.app.Application}', contextInitializerClasses = '[]', activeProfiles = '{}', propertySourceLocations = '{}', propertySourceProperties = '{org.springframework.boot.test.autoconfigure.orm.jpa.DataJpaTestContextBootstrapper=true}', contextCustomizers = set[[ImportsContextCustomizer@14237e5 key = [org.springframework.boot.autoconfigure.transaction.TransactionAutoConfiguration, org.springframework.boot.autoconfigure.data.jpa.JpaRepositoriesAutoConfiguration, org.springframework.boot.autoconfigure.jdbc.DataSourceAutoConfiguration, org.springframework.boot.test.autoconfigure.orm.jpa.TestEntityManagerAutoConfiguration, org.springframework.boot.autoconfigure.cache.CacheAutoConfiguration, org.springframework.boot.autoconfigure.orm.jpa.HibernateJpaAutoConfiguration, org.springframework.boot.autoconfigure.sql.init.SqlInitializationAutoConfiguration, org.springframework.boot.autoconfigure.jdbc.JdbcTemplateAutoConfiguration, org.springframework.boot.test.autoconfigure.jdbc.TestDatabaseAutoConfiguration, org.springframework.boot.autoconfigure.flyway.FlywayAutoConfiguration, org.springframework.boot.autoconfigure.jdbc.DataSourceTransactionManagerAutoConfiguration, org.springframework.boot.autoconfigure.liquibase.LiquibaseAutoConfiguration]], org.springframework.boot.test.context.filter.ExcludeFilterContextCustomizer@3406472c, org.springframework.boot.test.json.DuplicateJsonObjectContextCustomizerFactory$DuplicateJsonObjectContextCustomizer@40317ba2, org.springframework.boot.test.mock.mockito.MockitoContextCustomizer@0, org.springframework.boot.test.autoconfigure.OverrideAutoConfigurationContextCustomizerFactory$DisableAutoConfigurationContextCustomizer@568e2d65, org.springframework.boot.test.autoconfigure.actuate.metrics.MetricsExportContextCustomizerFactory$DisableMetricExportContextCustomizer@63eef88a, org.springframework.boot.test.autoconfigure.filter.TypeExcludeFiltersContextCustomizer@351584c0, org.springframework.boot.test.autoconfigure.properties.PropertyMappingContextCustomizer@efe46fed, org.springframework.boot.test.autoconfigure.web.servlet.WebDriverContextCustomizerFactory$Customizer@4196c360, org.springframework.boot.test.context.SpringBootTestArgs@1, org.springframework.boot.test.context.SpringBootTestWebEnvironment@0], contextLoader = 'org.springframework.boot.test.context.SpringBootContextLoader', parent = [null]], attributes = map['org.springframework.test.context.event.ApplicationEventsTestExecutionListener.recordApplicationEvents' -> false]]; transaction manager [org.springframework.orm.jpa.JpaTransactionManager@baf87a5]; rollback [false]
Hibernate: select employee1_.id as id1_3_, employee1_.version as version2_3_, employee1_.card_number as card_num3_3_, employee1_.created_on as created_4_3_, employee1_.location as location5_3_, employee1_.department_id as departm15_3_, employee1_.email as email6_3_, employee1_.first_name as first_na7_3_, employee1_.image_path as image_pa8_3_, employee1_.in_time as in_time9_3_, employee1_.join_date as join_da10_3_, employee1_.last_name as last_na11_3_, employee1_.password as passwor12_3_, employee1_.salary as salary13_3_, employee1_.type as type14_3_ from emp_performance projectemp0_ inner join emps employee1_ on projectemp0_.emp_id=employee1_.id where projectemp0_.project_id=?
Employee(super=com.app.entities.Employee@16c6d5a2, firstName=a3, lastName=b3, email=a3@gmail.com, password=xyz#1245, joinDate=2024-01-01, inTime=null, type=FULL_TIME, imagePath=images/rice-grains.jpg, salary=345678.0, card=com.app.entities.AdhaarCard@c4fc610)
2024-02-02 14:54:27.688  INFO 15216 --- [           main] o.s.t.c.transaction.TransactionContext   : Committed transaction for test: [DefaultTestContext@9677f54 testClass = ProjectEmployeeDetailsDaoTest, testInstance = com.app.dao.ProjectEmployeeDetailsDaoTest@44046b0d, testMethod = testFindByProjectId@ProjectEmployeeDetailsDaoTest, testException = org.opentest4j.AssertionFailedError: expected: <2> but was: <1>, mergedContextConfiguration = [MergedContextConfiguration@d20e900 testClass = ProjectEmployeeDetailsDaoTest, locations = '{}', classes = '{class com.app.Application}', contextInitializerClasses = '[]', activeProfiles = '{}', propertySourceLocations = '{}', propertySourceProperties = '{org.springframework.boot.test.autoconfigure.orm.jpa.DataJpaTestContextBootstrapper=true}', contextCustomizers = set[[ImportsContextCustomizer@14237e5 key = [org.springframework.boot.autoconfigure.transaction.TransactionAutoConfiguration, org.springframework.boot.autoconfigure.data.jpa.JpaRepositoriesAutoConfiguration, org.springframework.boot.autoconfigure.jdbc.DataSourceAutoConfiguration, org.springframework.boot.test.autoconfigure.orm.jpa.TestEntityManagerAutoConfiguration, org.springframework.boot.autoconfigure.cache.CacheAutoConfiguration, org.springframework.boot.autoconfigure.orm.jpa.HibernateJpaAutoConfiguration, org.springframework.boot.autoconfigure.sql.init.SqlInitializationAutoConfiguration, org.springframework.boot.autoconfigure.jdbc.JdbcTemplateAutoConfiguration, org.springframework.boot.test.autoconfigure.jdbc.TestDatabaseAutoConfiguration, org.springframework.boot.autoconfigure.flyway.FlywayAutoConfiguration, org.springframework.boot.autoconfigure.jdbc.DataSourceTransactionManagerAutoConfiguration, org.springframework.boot.autoconfigure.liquibase.LiquibaseAutoConfiguration]], org.springframework.boot.test.context.filter.ExcludeFilterContextCustomizer@3406472c, org.springframework.boot.test.json.DuplicateJsonObjectContextCustomizerFactory$DuplicateJsonObjectContextCustomizer@40317ba2, org.springframework.boot.test.mock.mockito.MockitoContextCustomizer@0, org.springframework.boot.test.autoconfigure.OverrideAutoConfigurationContextCustomizerFactory$DisableAutoConfigurationContextCustomizer@568e2d65, org.springframework.boot.test.autoconfigure.actuate.metrics.MetricsExportContextCustomizerFactory$DisableMetricExportContextCustomizer@63eef88a, org.springframework.boot.test.autoconfigure.filter.TypeExcludeFiltersContextCustomizer@351584c0, org.springframework.boot.test.autoconfigure.properties.PropertyMappingContextCustomizer@efe46fed, org.springframework.boot.test.autoconfigure.web.servlet.WebDriverContextCustomizerFactory$Customizer@4196c360, org.springframework.boot.test.context.SpringBootTestArgs@1, org.springframework.boot.test.context.SpringBootTestWebEnvironment@0], contextLoader = 'org.springframework.boot.test.context.SpringBootContextLoader', parent = [null]], attributes = map['org.springframework.test.context.event.ApplicationEventsTestExecutionListener.recordApplicationEvents' -> false]]
]]></system-out>
  </testcase>
  <testcase name="testFindByEmpId" classname="com.app.dao.ProjectEmployeeDetailsDaoTest" time="0.012">
    <failure message="expected: &lt;2&gt; but was: &lt;0&gt;" type="org.opentest4j.AssertionFailedError"><![CDATA[org.opentest4j.AssertionFailedError: expected: <2> but was: <0>
	at com.app.dao.ProjectEmployeeDetailsDaoTest.testFindByEmpId(ProjectEmployeeDetailsDaoTest.java:35)
]]></failure>
    <system-out><![CDATA[2024-02-02 14:54:27.693  INFO 15216 --- [           main] o.s.t.c.transaction.TransactionContext   : Began transaction (1) for test context [DefaultTestContext@9677f54 testClass = ProjectEmployeeDetailsDaoTest, testInstance = com.app.dao.ProjectEmployeeDetailsDaoTest@1902ad0f, testMethod = testFindByEmpId@ProjectEmployeeDetailsDaoTest, testException = [null], mergedContextConfiguration = [MergedContextConfiguration@d20e900 testClass = ProjectEmployeeDetailsDaoTest, locations = '{}', classes = '{class com.app.Application}', contextInitializerClasses = '[]', activeProfiles = '{}', propertySourceLocations = '{}', propertySourceProperties = '{org.springframework.boot.test.autoconfigure.orm.jpa.DataJpaTestContextBootstrapper=true}', contextCustomizers = set[[ImportsContextCustomizer@14237e5 key = [org.springframework.boot.autoconfigure.transaction.TransactionAutoConfiguration, org.springframework.boot.autoconfigure.data.jpa.JpaRepositoriesAutoConfiguration, org.springframework.boot.autoconfigure.jdbc.DataSourceAutoConfiguration, org.springframework.boot.test.autoconfigure.orm.jpa.TestEntityManagerAutoConfiguration, org.springframework.boot.autoconfigure.cache.CacheAutoConfiguration, org.springframework.boot.autoconfigure.orm.jpa.HibernateJpaAutoConfiguration, org.springframework.boot.autoconfigure.sql.init.SqlInitializationAutoConfiguration, org.springframework.boot.autoconfigure.jdbc.JdbcTemplateAutoConfiguration, org.springframework.boot.test.autoconfigure.jdbc.TestDatabaseAutoConfiguration, org.springframework.boot.autoconfigure.flyway.FlywayAutoConfiguration, org.springframework.boot.autoconfigure.jdbc.DataSourceTransactionManagerAutoConfiguration, org.springframework.boot.autoconfigure.liquibase.LiquibaseAutoConfiguration]], org.springframework.boot.test.context.filter.ExcludeFilterContextCustomizer@3406472c, org.springframework.boot.test.json.DuplicateJsonObjectContextCustomizerFactory$DuplicateJsonObjectContextCustomizer@40317ba2, org.springframework.boot.test.mock.mockito.MockitoContextCustomizer@0, org.springframework.boot.test.autoconfigure.OverrideAutoConfigurationContextCustomizerFactory$DisableAutoConfigurationContextCustomizer@568e2d65, org.springframework.boot.test.autoconfigure.actuate.metrics.MetricsExportContextCustomizerFactory$DisableMetricExportContextCustomizer@63eef88a, org.springframework.boot.test.autoconfigure.filter.TypeExcludeFiltersContextCustomizer@351584c0, org.springframework.boot.test.autoconfigure.properties.PropertyMappingContextCustomizer@efe46fed, org.springframework.boot.test.autoconfigure.web.servlet.WebDriverContextCustomizerFactory$Customizer@4196c360, org.springframework.boot.test.context.SpringBootTestArgs@1, org.springframework.boot.test.context.SpringBootTestWebEnvironment@0], contextLoader = 'org.springframework.boot.test.context.SpringBootContextLoader', parent = [null]], attributes = map['org.springframework.test.context.event.ApplicationEventsTestExecutionListener.recordApplicationEvents' -> false]]; transaction manager [org.springframework.orm.jpa.JpaTransactionManager@baf87a5]; rollback [false]
Hibernate: select project1_.id as id1_4_, project1_.version as version2_4_, project1_.budget as budget3_4_, project1_.end_date as end_date4_4_, project1_.start_date as start_da5_4_, project1_.status as status6_4_, project1_.title as title7_4_ from emp_performance projectemp0_ inner join projects project1_ on projectemp0_.project_id=project1_.id where projectemp0_.emp_id=?
2024-02-02 14:54:27.702  INFO 15216 --- [           main] o.s.t.c.transaction.TransactionContext   : Committed transaction for test: [DefaultTestContext@9677f54 testClass = ProjectEmployeeDetailsDaoTest, testInstance = com.app.dao.ProjectEmployeeDetailsDaoTest@1902ad0f, testMethod = testFindByEmpId@ProjectEmployeeDetailsDaoTest, testException = org.opentest4j.AssertionFailedError: expected: <2> but was: <0>, mergedContextConfiguration = [MergedContextConfiguration@d20e900 testClass = ProjectEmployeeDetailsDaoTest, locations = '{}', classes = '{class com.app.Application}', contextInitializerClasses = '[]', activeProfiles = '{}', propertySourceLocations = '{}', propertySourceProperties = '{org.springframework.boot.test.autoconfigure.orm.jpa.DataJpaTestContextBootstrapper=true}', contextCustomizers = set[[ImportsContextCustomizer@14237e5 key = [org.springframework.boot.autoconfigure.transaction.TransactionAutoConfiguration, org.springframework.boot.autoconfigure.data.jpa.JpaRepositoriesAutoConfiguration, org.springframework.boot.autoconfigure.jdbc.DataSourceAutoConfiguration, org.springframework.boot.test.autoconfigure.orm.jpa.TestEntityManagerAutoConfiguration, org.springframework.boot.autoconfigure.cache.CacheAutoConfiguration, org.springframework.boot.autoconfigure.orm.jpa.HibernateJpaAutoConfiguration, org.springframework.boot.autoconfigure.sql.init.SqlInitializationAutoConfiguration, org.springframework.boot.autoconfigure.jdbc.JdbcTemplateAutoConfiguration, org.springframework.boot.test.autoconfigure.jdbc.TestDatabaseAutoConfiguration, org.springframework.boot.autoconfigure.flyway.FlywayAutoConfiguration, org.springframework.boot.autoconfigure.jdbc.DataSourceTransactionManagerAutoConfiguration, org.springframework.boot.autoconfigure.liquibase.LiquibaseAutoConfiguration]], org.springframework.boot.test.context.filter.ExcludeFilterContextCustomizer@3406472c, org.springframework.boot.test.json.DuplicateJsonObjectContextCustomizerFactory$DuplicateJsonObjectContextCustomizer@40317ba2, org.springframework.boot.test.mock.mockito.MockitoContextCustomizer@0, org.springframework.boot.test.autoconfigure.OverrideAutoConfigurationContextCustomizerFactory$DisableAutoConfigurationContextCustomizer@568e2d65, org.springframework.boot.test.autoconfigure.actuate.metrics.MetricsExportContextCustomizerFactory$DisableMetricExportContextCustomizer@63eef88a, org.springframework.boot.test.autoconfigure.filter.TypeExcludeFiltersContextCustomizer@351584c0, org.springframework.boot.test.autoconfigure.properties.PropertyMappingContextCustomizer@efe46fed, org.springframework.boot.test.autoconfigure.web.servlet.WebDriverContextCustomizerFactory$Customizer@4196c360, org.springframework.boot.test.context.SpringBootTestArgs@1, org.springframework.boot.test.context.SpringBootTestWebEnvironment@0], contextLoader = 'org.springframework.boot.test.context.SpringBootContextLoader', parent = [null]], attributes = map['org.springframework.test.context.event.ApplicationEventsTestExecutionListener.recordApplicationEvents' -> false]]
]]></system-out>
  </testcase>
</testsuite>